# JRE version: Java(TM) SE Runtime Environment 18.9 (11.0.18+9) (build 11.0.18+9-LTS-195)
# Java VM: Java HotSpot(TM) 64-Bit Server VM 18.9 (11.0.18+9-LTS-195, mixed mode, tiered, compressed oops, g1 gc, windows-amd64)
Heap:
 garbage-first heap   total 329728K, used 230278K [0x0000000080000000, 0x0000000100000000)
  region size 1024K, 2 young (2048K), 2 survivors (2048K)
 Metaspace       used 147958K, capacity 153806K, committed 154012K, reserved 649216K
  class space    used 19797K, capacity 22061K, committed 22092K, reserved 516096K
GC Heap History (10 events):
Event: 127.622 GC heap after
{Heap after GC invocations=115 (full 0):
 garbage-first heap   total 274432K, used 218958K [0x0000000080000000, 0x0000000100000000)
  region size 1024K, 3 young (3072K), 3 survivors (3072K)
 Metaspace       used 146309K, capacity 152109K, committed 152220K, reserved 647168K
  class space    used 19573K, capacity 21822K, committed 21836K, reserved 516096K
}
Event: 127.858 GC heap before
{Heap before GC invocations=115 (full 0):
 garbage-first heap   total 274432K, used 239438K [0x0000000080000000, 0x0000000100000000)
  region size 1024K, 23 young (23552K), 3 survivors (3072K)
 Metaspace       used 147367K, capacity 153189K, committed 153500K, reserved 649216K
  class space    used 19725K, capacity 21989K, committed 22092K, reserved 516096K
}
Event: 127.863 GC heap after
{Heap after GC invocations=116 (full 0):
 garbage-first heap   total 274432K, used 220655K [0x0000000080000000, 0x0000000100000000)
  region size 1024K, 3 young (3072K), 3 survivors (3072K)
 Metaspace       used 147367K, capacity 153189K, committed 153500K, reserved 649216K
  class space    used 19725K, capacity 21989K, committed 22092K, reserved 516096K
}
Event: 128.050 GC heap before
{Heap before GC invocations=116 (full 0):
 garbage-first heap   total 274432K, used 241135K [0x0000000080000000, 0x0000000100000000)
  region size 1024K, 23 young (23552K), 3 survivors (3072K)
 Metaspace       used 147791K, capacity 153614K, committed 153756K, reserved 649216K
  class space    used 19781K, capacity 22061K, committed 22092K, reserved 516096K
}
Event: 128.063 GC heap after
{Heap after GC invocations=117 (full 0):
 garbage-first heap   total 274432K, used 223192K [0x0000000080000000, 0x0000000100000000)
  region size 1024K, 3 young (3072K), 3 survivors (3072K)
 Metaspace       used 147791K, capacity 153614K, committed 153756K, reserved 649216K
  class space    used 19781K, capacity 22061K, committed 22092K, reserved 516096K
}
Event: 128.182 GC heap before
{Heap before GC invocations=117 (full 0):
 garbage-first heap   total 274432K, used 240600K [0x0000000080000000, 0x0000000100000000)
  region size 1024K, 20 young (20480K), 3 survivors (3072K)
 Metaspace       used 147953K, capacity 153806K, committed 154012K, reserved 649216K
  class space    used 19797K, capacity 22061K, committed 22092K, reserved 516096K
}
Event: 128.190 GC heap after
{Heap after GC invocations=118 (full 0):
 garbage-first heap   total 274432K, used 225704K [0x0000000080000000, 0x0000000100000000)
  region size 1024K, 3 young (3072K), 3 survivors (3072K)
 Metaspace       used 147953K, capacity 153806K, committed 154012K, reserved 649216K
  class space    used 19797K, capacity 22061K, committed 22092K, reserved 516096K
}
Event: 128.288 GC heap before
{Heap before GC invocations=118 (full 0):
 garbage-first heap   total 274432K, used 241064K [0x0000000080000000, 0x0000000100000000)
  region size 1024K, 18 young (18432K), 3 survivors (3072K)
 Metaspace       used 147955K, capacity 153806K, committed 154012K, reserved 649216K
  class space    used 19797K, capacity 22061K, committed 22092K, reserved 516096K
}
Event: 128.296 GC heap after
{Heap after GC invocations=119 (full 0):
 garbage-first heap   total 274432K, used 228075K [0x0000000080000000, 0x0000000100000000)
  region size 1024K, 3 young (3072K), 3 survivors (3072K)
 Metaspace       used 147955K, capacity 153806K, committed 154012K, reserved 649216K
  class space    used 19797K, capacity 22061K, committed 22092K, reserved 516096K
}
Event: 128.381 GC heap before
{Heap before GC invocations=119 (full 0):
 garbage-first heap   total 274432K, used 241387K [0x0000000080000000, 0x0000000100000000)
  region size 1024K, 16 young (16384K), 3 survivors (3072K)
 Metaspace       used 147958K, capacity 153806K, committed 154012K, reserved 649216K
  class space    used 19797K, capacity 22061K, committed 22092K, reserved 516096K
}

