# JRE version: Java(TM) SE Runtime Environment 18.9 (11.0.18+9) (build 11.0.18+9-LTS-195)
# Java VM: Java HotSpot(TM) 64-Bit Server VM 18.9 (11.0.18+9-LTS-195, mixed mode, tiered, compressed oops, g1 gc, windows-amd64)
Heap:
 garbage-first heap   total 206848K, used 53203K [0x0000000084a00000, 0x0000000100000000)
  region size 1024K, 6 young (6144K), 6 survivors (6144K)
 Metaspace       used 59481K, capacity 60236K, committed 60416K, reserved 1101824K
  class space    used 6809K, capacity 7135K, committed 7168K, reserved 1048576K
GC Heap History (10 events):
Event: 2.764 GC heap after
{Heap after GC invocations=5 (full 0):
 garbage-first heap   total 126976K, used 20760K [0x0000000084a00000, 0x0000000100000000)
  region size 1024K, 2 young (2048K), 2 survivors (2048K)
 Metaspace       used 35066K, capacity 35425K, committed 35584K, reserved 1081344K
  class space    used 4329K, capacity 4506K, committed 4608K, reserved 1048576K
}
Event: 3.677 GC heap before
{Heap before GC invocations=6 (full 0):
 garbage-first heap   total 126976K, used 65816K [0x0000000084a00000, 0x0000000100000000)
  region size 1024K, 46 young (47104K), 2 survivors (2048K)
 Metaspace       used 44033K, capacity 44465K, committed 44672K, reserved 1089536K
  class space    used 5190K, capacity 5379K, committed 5504K, reserved 1048576K
}
Event: 3.688 GC heap after
{Heap after GC invocations=7 (full 0):
 garbage-first heap   total 154624K, used 25368K [0x0000000084a00000, 0x0000000100000000)
  region size 1024K, 6 young (6144K), 6 survivors (6144K)
 Metaspace       used 44033K, capacity 44465K, committed 44672K, reserved 1089536K
  class space    used 5190K, capacity 5379K, committed 5504K, reserved 1048576K
}
Event: 4.393 GC heap before
{Heap before GC invocations=7 (full 0):
 garbage-first heap   total 154624K, used 83736K [0x0000000084a00000, 0x0000000100000000)
  region size 1024K, 60 young (61440K), 6 survivors (6144K)
 Metaspace       used 49436K, capacity 49987K, committed 50048K, reserved 1093632K
  class space    used 5765K, capacity 5998K, committed 6016K, reserved 1048576K
}
Event: 4.411 GC heap after
{Heap after GC invocations=8 (full 0):
 garbage-first heap   total 154624K, used 35751K [0x0000000084a00000, 0x0000000100000000)
  region size 1024K, 8 young (8192K), 8 survivors (8192K)
 Metaspace       used 49436K, capacity 49987K, committed 50048K, reserved 1093632K
  class space    used 5765K, capacity 5998K, committed 6016K, reserved 1048576K
}
Event: 5.734 GC heap before
{Heap before GC invocations=8 (full 0):
 garbage-first heap   total 154624K, used 93095K [0x0000000084a00000, 0x0000000100000000)
  region size 1024K, 64 young (65536K), 8 survivors (8192K)
 Metaspace       used 58715K, capacity 59482K, committed 59648K, reserved 1101824K
  class space    used 6767K, capacity 7099K, committed 7168K, reserved 1048576K
}
Event: 5.792 GC heap after
{Heap after GC invocations=9 (full 0):
 garbage-first heap   total 154624K, used 43640K [0x0000000084a00000, 0x0000000100000000)
  region size 1024K, 8 young (8192K), 8 survivors (8192K)
 Metaspace       used 58715K, capacity 59482K, committed 59648K, reserved 1101824K
  class space    used 6767K, capacity 7099K, committed 7168K, reserved 1048576K
}
Event: 5.832 GC heap before
{Heap before GC invocations=9 (full 0):
 garbage-first heap   total 154624K, used 44664K [0x0000000084a00000, 0x0000000100000000)
  region size 1024K, 10 young (10240K), 8 survivors (8192K)
 Metaspace       used 58845K, capacity 59552K, committed 59648K, reserved 1101824K
  class space    used 6778K, capacity 7100K, committed 7168K, reserved 1048576K
}
Event: 5.848 GC heap after
{Heap after GC invocations=10 (full 0):
 garbage-first heap   total 154624K, used 45553K [0x0000000084a00000, 0x0000000100000000)
  region size 1024K, 2 young (2048K), 2 survivors (2048K)
 Metaspace       used 58845K, capacity 59552K, committed 59648K, reserved 1101824K
  class space    used 6778K, capacity 7100K, committed 7168K, reserved 1048576K
}
Event: 6.271 GC heap before
{Heap before GC invocations=11 (full 0):
 garbage-first heap   total 154624K, used 91633K [0x0000000084a00000, 0x0000000100000000)
  region size 1024K, 47 young (48128K), 2 survivors (2048K)
 Metaspace       used 59481K, capacity 60236K, committed 60416K, reserved 1101824K
  class space    used 6809K, capacity 7135K, committed 7168K, reserved 1048576K
}

