# JRE version: Java(TM) SE Runtime Environment 18.9 (11.0.18+9) (build 11.0.18+9-LTS-195)
# Java VM: Java HotSpot(TM) 64-Bit Server VM 18.9 (11.0.18+9-LTS-195, mixed mode, tiered, compressed oops, g1 gc, windows-amd64)
Heap:
 garbage-first heap   total 350208K, used 175347K [0x0000000080000000, 0x0000000100000000)
  region size 1024K, 2 young (2048K), 2 survivors (2048K)
 Metaspace       used 114698K, capacity 118933K, committed 119120K, reserved 618496K
  class space    used 15295K, capacity 16978K, committed 17100K, reserved 516096K
GC Heap History (10 events):
Event: 101.359 GC heap after
{Heap after GC invocations=94 (full 0):
 garbage-first heap   total 190464K, used 164976K [0x0000000080000000, 0x0000000100000000)
  region size 1024K, 2 young (2048K), 2 survivors (2048K)
 Metaspace       used 114557K, capacity 118676K, committed 118736K, reserved 618496K
  class space    used 15282K, capacity 16961K, committed 16972K, reserved 516096K
}
Event: 101.409 GC heap before
{Heap before GC invocations=94 (full 0):
 garbage-first heap   total 190464K, used 172144K [0x0000000080000000, 0x0000000100000000)
  region size 1024K, 9 young (9216K), 2 survivors (2048K)
 Metaspace       used 114559K, capacity 118676K, committed 118736K, reserved 618496K
  class space    used 15282K, capacity 16961K, committed 16972K, reserved 516096K
}
Event: 101.414 GC heap after
{Heap after GC invocations=95 (full 0):
 garbage-first heap   total 229376K, used 166042K [0x0000000080000000, 0x0000000100000000)
  region size 1024K, 2 young (2048K), 2 survivors (2048K)
 Metaspace       used 114559K, capacity 118676K, committed 118736K, reserved 618496K
  class space    used 15282K, capacity 16961K, committed 16972K, reserved 516096K
}
Event: 101.553 GC heap before
{Heap before GC invocations=95 (full 0):
 garbage-first heap   total 229376K, used 182426K [0x0000000080000000, 0x0000000100000000)
  region size 1024K, 18 young (18432K), 2 survivors (2048K)
 Metaspace       used 114570K, capacity 118676K, committed 118736K, reserved 618496K
  class space    used 15282K, capacity 16961K, committed 16972K, reserved 516096K
}
Event: 101.557 GC heap after
{Heap after GC invocations=96 (full 0):
 garbage-first heap   total 229376K, used 168256K [0x0000000080000000, 0x0000000100000000)
  region size 1024K, 3 young (3072K), 3 survivors (3072K)
 Metaspace       used 114570K, capacity 118676K, committed 118736K, reserved 618496K
  class space    used 15282K, capacity 16961K, committed 16972K, reserved 516096K
}
Event: 101.678 GC heap before
{Heap before GC invocations=97 (full 0):
 garbage-first heap   total 229376K, used 185664K [0x0000000080000000, 0x0000000100000000)
  region size 1024K, 20 young (20480K), 3 survivors (3072K)
 Metaspace       used 114580K, capacity 118676K, committed 118736K, reserved 618496K
  class space    used 15282K, capacity 16961K, committed 16972K, reserved 516096K
}
Event: 101.682 GC heap after
{Heap after GC invocations=98 (full 0):
 garbage-first heap   total 229376K, used 170969K [0x0000000080000000, 0x0000000100000000)
  region size 1024K, 3 young (3072K), 3 survivors (3072K)
 Metaspace       used 114580K, capacity 118676K, committed 118736K, reserved 618496K
  class space    used 15282K, capacity 16961K, committed 16972K, reserved 516096K
}
Event: 101.788 GC heap before
{Heap before GC invocations=98 (full 0):
 garbage-first heap   total 229376K, used 187353K [0x0000000080000000, 0x0000000100000000)
  region size 1024K, 19 young (19456K), 3 survivors (3072K)
 Metaspace       used 114613K, capacity 118740K, committed 118992K, reserved 618496K
  class space    used 15283K, capacity 16961K, committed 16972K, reserved 516096K
}
Event: 101.791 GC heap after
{Heap after GC invocations=99 (full 0):
 garbage-first heap   total 229376K, used 173482K [0x0000000080000000, 0x0000000100000000)
  region size 1024K, 3 young (3072K), 3 survivors (3072K)
 Metaspace       used 114613K, capacity 118740K, committed 118992K, reserved 618496K
  class space    used 15283K, capacity 16961K, committed 16972K, reserved 516096K
}
Event: 103.131 GC heap before
{Heap before GC invocations=99 (full 0):
 garbage-first heap   total 229376K, used 188842K [0x0000000080000000, 0x0000000100000000)
  region size 1024K, 19 young (19456K), 3 survivors (3072K)
 Metaspace       used 114698K, capacity 118933K, committed 119120K, reserved 618496K
  class space    used 15295K, capacity 16978K, committed 17100K, reserved 516096K
}

