# JRE version: Java(TM) SE Runtime Environment 18.9 (11.0.18+9) (build 11.0.18+9-LTS-195)
# Java VM: Java HotSpot(TM) 64-Bit Server VM 18.9 (11.0.18+9-LTS-195, mixed mode, tiered, compressed oops, g1 gc, windows-amd64)
Heap:
 garbage-first heap   total 243712K, used 136256K [0x0000000084a00000, 0x0000000100000000)
  region size 1024K, 38 young (38912K), 13 survivors (13312K)
 Metaspace       used 77702K, capacity 78551K, committed 78848K, reserved 1120256K
  class space    used 8295K, capacity 8660K, committed 8704K, reserved 1048576K
GC Heap History (10 events):
Event: 14.260 GC heap before
{Heap before GC invocations=12 (full 0):
 garbage-first heap   total 243712K, used 148883K [0x0000000084a00000, 0x0000000100000000)
  region size 1024K, 91 young (93184K), 9 survivors (9216K)
 Metaspace       used 66354K, capacity 67209K, committed 67456K, reserved 1110016K
  class space    used 7406K, capacity 7770K, committed 7808K, reserved 1048576K
}
Event: 14.285 GC heap after
{Heap after GC invocations=13 (full 0):
 garbage-first heap   total 243712K, used 72021K [0x0000000084a00000, 0x0000000100000000)
  region size 1024K, 8 young (8192K), 8 survivors (8192K)
 Metaspace       used 66354K, capacity 67209K, committed 67456K, reserved 1110016K
  class space    used 7406K, capacity 7770K, committed 7808K, reserved 1048576K
}
Event: 18.550 GC heap before
{Heap before GC invocations=13 (full 0):
 garbage-first heap   total 243712K, used 166229K [0x0000000084a00000, 0x0000000100000000)
  region size 1024K, 98 young (100352K), 8 survivors (8192K)
 Metaspace       used 69156K, capacity 69989K, committed 70272K, reserved 1112064K
  class space    used 7640K, capacity 8021K, committed 8064K, reserved 1048576K
}
Event: 18.578 GC heap after
{Heap after GC invocations=14 (full 0):
 garbage-first heap   total 243712K, used 82939K [0x0000000084a00000, 0x0000000100000000)
  region size 1024K, 13 young (13312K), 13 survivors (13312K)
 Metaspace       used 69156K, capacity 69989K, committed 70272K, reserved 1112064K
  class space    used 7640K, capacity 8021K, committed 8064K, reserved 1048576K
}
Event: 22.111 GC heap before
{Heap before GC invocations=14 (full 0):
 garbage-first heap   total 243712K, used 176123K [0x0000000084a00000, 0x0000000100000000)
  region size 1024K, 104 young (106496K), 13 survivors (13312K)
 Metaspace       used 70441K, capacity 71253K, committed 71296K, reserved 1112064K
  class space    used 7688K, capacity 8057K, committed 8064K, reserved 1048576K
}
Event: 22.148 GC heap after
{Heap after GC invocations=15 (full 0):
 garbage-first heap   total 243712K, used 91417K [0x0000000084a00000, 0x0000000100000000)
  region size 1024K, 8 young (8192K), 8 survivors (8192K)
 Metaspace       used 70441K, capacity 71253K, committed 71296K, reserved 1112064K
  class space    used 7688K, capacity 8057K, committed 8064K, reserved 1048576K
}
Event: 24.648 GC heap before
{Heap before GC invocations=15 (full 0):
 garbage-first heap   total 243712K, used 182553K [0x0000000084a00000, 0x0000000100000000)
  region size 1024K, 97 young (99328K), 8 survivors (8192K)
 Metaspace       used 76933K, capacity 77783K, committed 78080K, reserved 1118208K
  class space    used 8233K, capacity 8596K, committed 8704K, reserved 1048576K
}
Event: 24.676 GC heap after
{Heap after GC invocations=16 (full 0):
 garbage-first heap   total 243712K, used 98304K [0x0000000084a00000, 0x0000000100000000)
  region size 1024K, 13 young (13312K), 13 survivors (13312K)
 Metaspace       used 76933K, capacity 77783K, committed 78080K, reserved 1118208K
  class space    used 8233K, capacity 8596K, committed 8704K, reserved 1048576K
}
Event: 26.573 GC heap before
{Heap before GC invocations=16 (full 0):
 garbage-first heap   total 243712K, used 188416K [0x0000000084a00000, 0x0000000100000000)
  region size 1024K, 101 young (103424K), 13 survivors (13312K)
 Metaspace       used 77280K, capacity 78135K, committed 78336K, reserved 1118208K
  class space    used 8244K, capacity 8628K, committed 8704K, reserved 1048576K
}
Event: 26.611 GC heap after
{Heap after GC invocations=17 (full 0):
 garbage-first heap   total 243712K, used 111680K [0x0000000084a00000, 0x0000000100000000)
  region size 1024K, 13 young (13312K), 13 survivors (13312K)
 Metaspace       used 77280K, capacity 78135K, committed 78336K, reserved 1118208K
  class space    used 8244K, capacity 8628K, committed 8704K, reserved 1048576K
}

